[ 2016-08-09T11:27:36+08:00 ] 0.0.0.0 /ctbri_demo/Home/Test
INFO: [ route_check ] --START--
INFO: Run CheckRoute Behavior [ RunTime:0.048002s ]
INFO: [ route_check ] --END-- [ RunTime:0.205012s ]
INFO: [ app_begin ] --START--
INFO: Run ReadHtmlCache Behavior [ RunTime:0.002000s ]
INFO: [ app_begin ] --END-- [ RunTime:0.002000s ]

[ 2016-08-09T11:28:12+08:00 ] ERR: (ThinkException) 无法加载模块:register
[ 2016-08-09T11:28:44+08:00 ] ERR: (ThinkException) 无法加载模块:index
[ 2016-08-09T11:30:56+08:00 ] ERR: (ThinkException) 无法加载模块:Fe
[ 2016-08-09T11:31:15+08:00 ] ERR: (ThinkException) 无法加载模块:index.html
[ 2016-08-09T11:31:29+08:00 ] ERR: (ThinkException) 无法加载模块:Fe
[ 2016-08-09T11:32:28+08:00 ] ERR: (ThinkException) 无法加载模块:Index
[ 2016-08-09T11:36:22+08:00 ] ERR: (ThinkException) 无法加载模块:Index
[ 2016-08-09T11:38:05+08:00 ] ERR: (ThinkException) 无法加载模块:index
[ 2016-08-09T11:38:27+08:00 ] ERR: (ThinkException) 无法加载模块:index
[ 2016-08-09T11:38:28+08:00 ] ERR: (ThinkException) 无法加载模块:index
[ 2016-08-09T11:38:33+08:00 ] ERR: (ThinkException) 无法加载模块:Enter
[ 2016-08-09T11:38:36+08:00 ] ERR: (ThinkException) 无法加载模块:Enter
[ 2016-08-09T11:38:54+08:00 ] ERR: (ThinkException) 无法加载模块:Enter
[ 2016-08-09T11:38:56+08:00 ] ERR: (ThinkException) 无法加载模块:Enter
[ 2016-08-09T11:38:56+08:00 ] ERR: (ThinkException) 无法加载模块:Enter
[ 2016-08-09T11:38:56+08:00 ] ERR: (ThinkException) 无法加载模块:Enter
[ 2016-08-09T11:38:57+08:00 ] ERR: (ThinkException) 无法加载模块:Enter
[ 2016-08-09T11:39:21+08:00 ] ERR: (ThinkException) 无法加载模块:Enter
[ 2016-08-09T11:39:25+08:00 ] ERR: (ThinkException) 无法加载模块:Enter
[ 2016-08-09T11:39:44+08:00 ] ERR: (ThinkException) 无法加载模块:Enter
[ 2016-08-09T11:39:45+08:00 ] ERR: (ThinkException) 无法加载模块:Enter
[ 2016-08-09T11:39:45+08:00 ] ERR: (ThinkException) 无法加载模块:Enter
[ 2016-08-09T11:39:46+08:00 ] ERR: (ThinkException) 无法加载模块:Enter
[ 2016-08-09T11:40:05+08:00 ] 0.0.0.0 /ctbri_demo/Index/index
INFO: [ route_check ] --START--
INFO: Run CheckRoute Behavior [ RunTime:0.001001s ]
INFO: [ route_check ] --END-- [ RunTime:0.001001s ]
INFO: [ app_begin ] --START--
INFO: Run ReadHtmlCache Behavior [ RunTime:0.001000s ]
INFO: [ app_begin ] --END-- [ RunTime:0.001000s ]
INFO: [ view_parse ] --START--
INFO: Run ParseTemplate Behavior [ RunTime:0.344019s ]
INFO: [ view_parse ] --END-- [ RunTime:0.344019s ]
INFO: [ view_filter ] --START--
INFO: Run ContentReplace Behavior [ RunTime:0.151009s ]
INFO: Run TokenBuild Behavior [ RunTime:0.160009s ]
INFO: Run WriteHtmlCache Behavior [ RunTime:0.093006s ]
INFO: Run ShowRuntime Behavior [ RunTime:0.117006s ]
INFO: [ view_filter ] --END-- [ RunTime:0.521030s ]
INFO: [ view_end ] --START--
INFO: Run ShowPageTrace Behavior [ RunTime:0.018001s ]
INFO: [ view_end ] --END-- [ RunTime:0.018001s ]

[ 2016-08-09T11:40:44+08:00 ] 0.0.0.0 /ctbri_demo/Home/Index
INFO: [ route_check ] --START--
INFO: Run CheckRoute Behavior [ RunTime:0.001000s ]
INFO: [ route_check ] --END-- [ RunTime:0.001000s ]
INFO: [ app_begin ] --START--
INFO: Run ReadHtmlCache Behavior [ RunTime:0.001000s ]
INFO: [ app_begin ] --END-- [ RunTime:0.001000s ]
INFO: [ view_parse ] --START--
INFO: Run ParseTemplate Behavior [ RunTime:0.119007s ]
INFO: [ view_parse ] --END-- [ RunTime:0.119007s ]
INFO: [ view_filter ] --START--
INFO: Run ContentReplace Behavior [ RunTime:0.001000s ]
INFO: Run TokenBuild Behavior [ RunTime:0.001000s ]
INFO: Run WriteHtmlCache Behavior [ RunTime:0.001000s ]
INFO: Run ShowRuntime Behavior [ RunTime:0.000000s ]
INFO: [ view_filter ] --END-- [ RunTime:0.003000s ]
INFO: [ view_end ] --START--
INFO: Run ShowPageTrace Behavior [ RunTime:0.001000s ]
INFO: [ view_end ] --END-- [ RunTime:0.001000s ]

[ 2016-08-09T11:40:49+08:00 ] 0.0.0.0 /ctbri_demo/Home/Index/index
INFO: [ route_check ] --START--
INFO: Run CheckRoute Behavior [ RunTime:0.001000s ]
INFO: [ route_check ] --END-- [ RunTime:0.001000s ]
INFO: [ app_begin ] --START--
INFO: Run ReadHtmlCache Behavior [ RunTime:0.001000s ]
INFO: [ app_begin ] --END-- [ RunTime:0.001000s ]
INFO: [ view_parse ] --START--
INFO: Run ParseTemplate Behavior [ RunTime:0.001000s ]
INFO: [ view_parse ] --END-- [ RunTime:0.001000s ]
INFO: [ view_filter ] --START--
INFO: Run ContentReplace Behavior [ RunTime:0.001000s ]
INFO: Run TokenBuild Behavior [ RunTime:0.001000s ]
INFO: Run WriteHtmlCache Behavior [ RunTime:0.000000s ]
INFO: Run ShowRuntime Behavior [ RunTime:0.001000s ]
INFO: [ view_filter ] --END-- [ RunTime:0.003000s ]
INFO: [ view_end ] --START--
INFO: Run ShowPageTrace Behavior [ RunTime:0.001000s ]
INFO: [ view_end ] --END-- [ RunTime:0.001000s ]

[ 2016-08-09T11:42:08+08:00 ] ERR: (ThinkException) 无法加载模块:Fe
[ 2016-08-09T11:43:08+08:00 ] ERR: (ThinkException) 无法加载模块:Fe
[ 2016-08-09T11:43:09+08:00 ] ERR: (ThinkException) 无法加载模块:Fe
[ 2016-08-09T11:43:10+08:00 ] ERR: (ThinkException) 无法加载模块:Fe
[ 2016-08-09T11:43:10+08:00 ] ERR: (ThinkException) 无法加载模块:Fe
[ 2016-08-09T11:43:10+08:00 ] ERR: (ThinkException) 无法加载模块:Fe
[ 2016-08-09T11:43:10+08:00 ] ERR: (ThinkException) 无法加载模块:Fe
[ 2016-08-09T11:43:10+08:00 ] ERR: (ThinkException) 无法加载模块:Fe
[ 2016-08-09T11:43:11+08:00 ] ERR: (ThinkException) 无法加载模块:Fe
[ 2016-08-09T11:43:19+08:00 ] 0.0.0.0 /ctbri_demo/index.php
INFO: [ app_begin ] --START--
INFO: Run ReadHtmlCache Behavior [ RunTime:0.001000s ]
INFO: [ app_begin ] --END-- [ RunTime:0.001000s ]
INFO: [ view_parse ] --START--
INFO: Run ParseTemplate Behavior [ RunTime:0.002000s ]
INFO: [ view_parse ] --END-- [ RunTime:0.002000s ]
INFO: [ view_filter ] --START--
INFO: Run ContentReplace Behavior [ RunTime:0.000000s ]
INFO: Run TokenBuild Behavior [ RunTime:0.001000s ]
INFO: Run WriteHtmlCache Behavior [ RunTime:0.001000s ]
INFO: Run ShowRuntime Behavior [ RunTime:0.001000s ]
INFO: [ view_filter ] --END-- [ RunTime:0.003000s ]
INFO: [ view_end ] --START--
INFO: Run ShowPageTrace Behavior [ RunTime:0.001000s ]
INFO: [ view_end ] --END-- [ RunTime:0.001000s ]

[ 2016-08-09T11:45:42+08:00 ] ERR: (ThinkException) 无法加载模块:register
[ 2016-08-09T11:46:41+08:00 ] ERR: (ThinkException) 无法加载模块:Index
[ 2016-08-09T11:47:23+08:00 ] ERR: (ThinkException) 无法加载模块:Index
[ 2016-08-09T11:49:25+08:00 ] ERR: (ThinkException) 无法加载模块:register
[ 2016-08-09T11:49:42+08:00 ] ERR: (ThinkException) 无法加载模块:register
[ 2016-08-09T11:52:54+08:00 ] ERR: (ThinkException) 无法加载模块:register
[ 2016-08-09T11:53:11+08:00 ] ERR: (ThinkException) 无法加载模块:register
[ 2016-08-09T11:53:25+08:00 ] ERR: (ThinkException) 无法加载模块:register
[ 2016-08-09T11:54:08+08:00 ] ERR: (ThinkException) 无法加载模块:register
[ 2016-08-09T11:54:28+08:00 ] ERR: (ThinkException) 无法加载模块:register
[ 2016-08-09T11:55:00+08:00 ] 0.0.0.0 /ctbri_demo/register/Index/
INFO: [ route_check ] --START--
INFO: Run CheckRoute Behavior [ RunTime:0.001000s ]
INFO: [ route_check ] --END-- [ RunTime:0.001000s ]
INFO: [ app_begin ] --START--
INFO: Run ReadHtmlCache Behavior [ RunTime:0.001000s ]
INFO: [ app_begin ] --END-- [ RunTime:0.001000s ]
INFO: [ view_parse ] --START--
INFO: Run ParseTemplate Behavior [ RunTime:0.740043s ]
INFO: [ view_parse ] --END-- [ RunTime:0.740043s ]
INFO: [ view_filter ] --START--
INFO: Run ContentReplace Behavior [ RunTime:0.065003s ]
INFO: Run TokenBuild Behavior [ RunTime:0.143009s ]
INFO: Run WriteHtmlCache Behavior [ RunTime:0.084004s ]
INFO: Run ShowRuntime Behavior [ RunTime:0.060004s ]
INFO: [ view_filter ] --END-- [ RunTime:0.353020s ]
INFO: [ view_end ] --START--
INFO: Run ShowPageTrace Behavior [ RunTime:0.078004s ]
INFO: [ view_end ] --END-- [ RunTime:0.078004s ]

[ 2016-08-09T11:55:15+08:00 ] 0.0.0.0 /ctbri_demo/register/Index/
INFO: [ route_check ] --START--
INFO: Run CheckRoute Behavior [ RunTime:0.001000s ]
INFO: [ route_check ] --END-- [ RunTime:0.001000s ]
INFO: [ app_begin ] --START--
INFO: Run ReadHtmlCache Behavior [ RunTime:0.001000s ]
INFO: [ app_begin ] --END-- [ RunTime:0.001000s ]
INFO: [ view_parse ] --START--
INFO: Run ParseTemplate Behavior [ RunTime:0.001000s ]
INFO: [ view_parse ] --END-- [ RunTime:0.001000s ]
INFO: [ view_filter ] --START--
INFO: Run ContentReplace Behavior [ RunTime:0.000000s ]
INFO: Run TokenBuild Behavior [ RunTime:0.001000s ]
INFO: Run WriteHtmlCache Behavior [ RunTime:0.001000s ]
INFO: Run ShowRuntime Behavior [ RunTime:0.001000s ]
INFO: [ view_filter ] --END-- [ RunTime:0.003000s ]
INFO: [ view_end ] --START--
INFO: Run ShowPageTrace Behavior [ RunTime:0.001001s ]
INFO: [ view_end ] --END-- [ RunTime:0.001001s ]

[ 2016-08-09T13:36:32+08:00 ] 0.0.0.0 /ctbri_demo/register/Index/
INFO: [ route_check ] --START--
INFO: Run CheckRoute Behavior [ RunTime:0.001000s ]
INFO: [ route_check ] --END-- [ RunTime:0.001000s ]
INFO: [ app_begin ] --START--
INFO: Run ReadHtmlCache Behavior [ RunTime:0.001000s ]
INFO: [ app_begin ] --END-- [ RunTime:0.001000s ]
INFO: [ view_parse ] --START--
INFO: Run ParseTemplate Behavior [ RunTime:0.002000s ]
INFO: [ view_parse ] --END-- [ RunTime:0.002000s ]
INFO: [ view_filter ] --START--
INFO: Run ContentReplace Behavior [ RunTime:0.001000s ]
INFO: Run TokenBuild Behavior [ RunTime:0.000000s ]
INFO: Run WriteHtmlCache Behavior [ RunTime:0.001000s ]
INFO: Run ShowRuntime Behavior [ RunTime:0.001000s ]
INFO: [ view_filter ] --END-- [ RunTime:0.003000s ]
INFO: [ view_end ] --START--
INFO: Run ShowPageTrace Behavior [ RunTime:0.001000s ]
INFO: [ view_end ] --END-- [ RunTime:0.001000s ]

[ 2016-08-09T13:36:52+08:00 ] ERR: (ThinkException) 无法加载模块:Register
[ 2016-08-09T13:39:42+08:00 ] ERR: (ThinkException) 无法加载模块:Register
[ 2016-08-09T13:39:44+08:00 ] ERR: (ThinkException) 无法加载模块:Register
[ 2016-08-09T13:39:44+08:00 ] ERR: (ThinkException) 无法加载模块:Register
[ 2016-08-09T13:39:44+08:00 ] ERR: (ThinkException) 无法加载模块:Register
[ 2016-08-09T13:40:34+08:00 ] ERR: (ThinkException) 无法加载模块:Register
[ 2016-08-09T13:40:36+08:00 ] ERR: (ThinkException) 无法加载模块:Register
[ 2016-08-09T13:40:37+08:00 ] ERR: (ThinkException) 无法加载模块:Register
[ 2016-08-09T13:40:37+08:00 ] ERR: (ThinkException) 无法加载模块:Register
[ 2016-08-09T13:43:29+08:00 ] ERR: (ThinkException) 无法加载模块:Register
[ 2016-08-09T13:44:05+08:00 ] ERR: (ThinkException) 无法加载模块:Register
[ 2016-08-09T14:12:11+08:00 ] ERR: (ThinkException) 无法加载模块:Register
[ 2016-08-09T14:18:08+08:00 ] ERR: (ThinkException) 无法加载模块:Register
[ 2016-08-09T14:19:06+08:00 ] 0.0.0.0 /ctbri_demo/Register/Index/
INFO: [ route_check ] --START--
INFO: Run CheckRoute Behavior [ RunTime:0.001000s ]
INFO: [ route_check ] --END-- [ RunTime:0.001000s ]
INFO: [ app_begin ] --START--
INFO: Run ReadHtmlCache Behavior [ RunTime:0.002000s ]
INFO: [ app_begin ] --END-- [ RunTime:0.002000s ]
INFO: [ view_parse ] --START--
INFO: Run ParseTemplate Behavior [ RunTime:0.060004s ]
INFO: [ view_parse ] --END-- [ RunTime:0.060004s ]
INFO: [ view_filter ] --START--
INFO: Run ContentReplace Behavior [ RunTime:0.051003s ]
INFO: Run TokenBuild Behavior [ RunTime:0.055003s ]
INFO: Run WriteHtmlCache Behavior [ RunTime:0.003000s ]
INFO: Run ShowRuntime Behavior [ RunTime:0.007000s ]
INFO: [ view_filter ] --END-- [ RunTime:0.116006s ]
INFO: [ view_end ] --START--
INFO: Run ShowPageTrace Behavior [ RunTime:0.003001s ]
INFO: [ view_end ] --END-- [ RunTime:0.004001s ]

[ 2016-08-09T14:21:14+08:00 ] 0.0.0.0 /ctbri_demo/Register/Register/hello
INFO: [ route_check ] --START--
INFO: Run CheckRoute Behavior [ RunTime:0.001000s ]
INFO: [ route_check ] --END-- [ RunTime:0.001000s ]
INFO: [ app_begin ] --START--
INFO: Run ReadHtmlCache Behavior [ RunTime:0.001000s ]
INFO: [ app_begin ] --END-- [ RunTime:0.001000s ]

[ 2016-08-09T14:23:13+08:00 ] 0.0.0.0 /ctbri_demo/Register/Register/login
INFO: [ route_check ] --START--
INFO: Run CheckRoute Behavior [ RunTime:0.002000s ]
INFO: [ route_check ] --END-- [ RunTime:0.002000s ]
INFO: [ app_begin ] --START--
INFO: Run ReadHtmlCache Behavior [ RunTime:0.001000s ]
INFO: [ app_begin ] --END-- [ RunTime:0.001000s ]
NOTIC: [8] Undefined index: username D:\zendworkspace\ctbri_demo\Home\Lib\Action\Register\RegisterAction.class.php 第 8 行.
NOTIC: [2] mysql_query() [<a href='function.mysql-query'>function.mysql-query</a>]: Access denied for user ''@'localhost' (using password: NO) D:\zendworkspace\ctbri_demo\Home\Lib\Action\Register\RegisterAction.class.php 第 11 行.
NOTIC: [2] mysql_query() [<a href='function.mysql-query'>function.mysql-query</a>]: A link to the server could not be established D:\zendworkspace\ctbri_demo\Home\Lib\Action\Register\RegisterAction.class.php 第 11 行.
NOTIC: [2] mysql_num_rows() expects parameter 1 to be resource, boolean given D:\zendworkspace\ctbri_demo\Home\Lib\Action\Register\RegisterAction.class.php 第 12 行.
NOTIC: [8] Undefined index: password D:\zendworkspace\ctbri_demo\Home\Lib\Action\Register\RegisterAction.class.php 第 17 行.
NOTIC: [8] Undefined index: email D:\zendworkspace\ctbri_demo\Home\Lib\Action\Register\RegisterAction.class.php 第 18 行.
NOTIC: [2] mysql_query() [<a href='function.mysql-query'>function.mysql-query</a>]: Access denied for user ''@'localhost' (using password: NO) D:\zendworkspace\ctbri_demo\Home\Lib\Action\Register\RegisterAction.class.php 第 26 行.
NOTIC: [2] mysql_query() [<a href='function.mysql-query'>function.mysql-query</a>]: A link to the server could not be established D:\zendworkspace\ctbri_demo\Home\Lib\Action\Register\RegisterAction.class.php 第 26 行.
NOTIC: [2] mysql_insert_id() [<a href='function.mysql-insert-id'>function.mysql-insert-id</a>]: Access denied for user ''@'localhost' (using password: NO) D:\zendworkspace\ctbri_demo\Home\Lib\Action\Register\RegisterAction.class.php 第 28 行.
NOTIC: [2] mysql_insert_id() [<a href='function.mysql-insert-id'>function.mysql-insert-id</a>]: A link to the server could not be established D:\zendworkspace\ctbri_demo\Home\Lib\Action\Register\RegisterAction.class.php 第 28 行.
NOTIC: [8] Undefined variable: msg D:\zendworkspace\ctbri_demo\Home\Lib\Action\Register\RegisterAction.class.php 第 48 行.

[ 2016-08-09T14:23:14+08:00 ] 0.0.0.0 /ctbri_demo/Register/Register/login
INFO: [ route_check ] --START--
INFO: Run CheckRoute Behavior [ RunTime:0.002000s ]
INFO: [ route_check ] --END-- [ RunTime:0.002000s ]
INFO: [ app_begin ] --START--
INFO: Run ReadHtmlCache Behavior [ RunTime:0.001000s ]
INFO: [ app_begin ] --END-- [ RunTime:0.001000s ]
NOTIC: [8] Undefined index: username D:\zendworkspace\ctbri_demo\Home\Lib\Action\Register\RegisterAction.class.php 第 8 行.
NOTIC: [2] mysql_query() [<a href='function.mysql-query'>function.mysql-query</a>]: Access denied for user ''@'localhost' (using password: NO) D:\zendworkspace\ctbri_demo\Home\Lib\Action\Register\RegisterAction.class.php 第 11 行.
NOTIC: [2] mysql_query() [<a href='function.mysql-query'>function.mysql-query</a>]: A link to the server could not be established D:\zendworkspace\ctbri_demo\Home\Lib\Action\Register\RegisterAction.class.php 第 11 行.
NOTIC: [2] mysql_num_rows() expects parameter 1 to be resource, boolean given D:\zendworkspace\ctbri_demo\Home\Lib\Action\Register\RegisterAction.class.php 第 12 行.
NOTIC: [8] Undefined index: password D:\zendworkspace\ctbri_demo\Home\Lib\Action\Register\RegisterAction.class.php 第 17 行.
NOTIC: [8] Undefined index: email D:\zendworkspace\ctbri_demo\Home\Lib\Action\Register\RegisterAction.class.php 第 18 行.
NOTIC: [2] mysql_query() [<a href='function.mysql-query'>function.mysql-query</a>]: Access denied for user ''@'localhost' (using password: NO) D:\zendworkspace\ctbri_demo\Home\Lib\Action\Register\RegisterAction.class.php 第 26 行.
NOTIC: [2] mysql_query() [<a href='function.mysql-query'>function.mysql-query</a>]: A link to the server could not be established D:\zendworkspace\ctbri_demo\Home\Lib\Action\Register\RegisterAction.class.php 第 26 行.
NOTIC: [2] mysql_insert_id() [<a href='function.mysql-insert-id'>function.mysql-insert-id</a>]: Access denied for user ''@'localhost' (using password: NO) D:\zendworkspace\ctbri_demo\Home\Lib\Action\Register\RegisterAction.class.php 第 28 行.
NOTIC: [2] mysql_insert_id() [<a href='function.mysql-insert-id'>function.mysql-insert-id</a>]: A link to the server could not be established D:\zendworkspace\ctbri_demo\Home\Lib\Action\Register\RegisterAction.class.php 第 28 行.
NOTIC: [8] Undefined variable: msg D:\zendworkspace\ctbri_demo\Home\Lib\Action\Register\RegisterAction.class.php 第 48 行.

[ 2016-08-09T14:30:08+08:00 ] ERR: (ThinkException) 无法加载模块:index
[ 2016-08-09T14:30:58+08:00 ] ERR: (ThinkException) 无法加载模块:css
[ 2016-08-09T14:31:56+08:00 ] ERR: (ThinkException) 无法加载模块:index
[ 2016-08-09T14:32:11+08:00 ] ERR: (ThinkException) 无法加载模块:css
[ 2016-08-09T14:32:24+08:00 ] 0.0.0.0 /ctbri_demo/Register/Register/login
INFO: [ route_check ] --START--
INFO: Run CheckRoute Behavior [ RunTime:0.001000s ]
INFO: [ route_check ] --END-- [ RunTime:0.001000s ]
INFO: [ app_begin ] --START--
INFO: Run ReadHtmlCache Behavior [ RunTime:0.001000s ]
INFO: [ app_begin ] --END-- [ RunTime:0.001000s ]
NOTIC: [8192] Function ereg() is deprecated D:\zendworkspace\ctbri_demo\Home\Lib\Action\Register\smtp.class.php 第 310 行.
NOTIC: [8192] Function ereg_replace() is deprecated D:\zendworkspace\ctbri_demo\Home\Lib\Action\Register\smtp.class.php 第 318 行.
NOTIC: [8192] Function ereg_replace() is deprecated D:\zendworkspace\ctbri_demo\Home\Lib\Action\Register\smtp.class.php 第 320 行.
NOTIC: [8192] Function ereg_replace() is deprecated D:\zendworkspace\ctbri_demo\Home\Lib\Action\Register\smtp.class.php 第 56 行.
NOTIC: [8] Undefined variable: header D:\zendworkspace\ctbri_demo\Home\Lib\Action\Register\smtp.class.php 第 58 行.
NOTIC: [8192] Function ereg() is deprecated D:\zendworkspace\ctbri_demo\Home\Lib\Action\Register\smtp.class.php 第 310 行.
NOTIC: [8192] Function ereg_replace() is deprecated D:\zendworkspace\ctbri_demo\Home\Lib\Action\Register\smtp.class.php 第 318 行.
NOTIC: [8192] Function ereg_replace() is deprecated D:\zendworkspace\ctbri_demo\Home\Lib\Action\Register\smtp.class.php 第 320 行.
NOTIC: [8192] Function ereg() is deprecated D:\zendworkspace\ctbri_demo\Home\Lib\Action\Register\smtp.class.php 第 247 行.
NOTIC: [8192] Function ereg() is deprecated D:\zendworkspace\ctbri_demo\Home\Lib\Action\Register\smtp.class.php 第 247 行.
NOTIC: [8192] Function ereg() is deprecated D:\zendworkspace\ctbri_demo\Home\Lib\Action\Register\smtp.class.php 第 247 行.
NOTIC: [8192] Function ereg() is deprecated D:\zendworkspace\ctbri_demo\Home\Lib\Action\Register\smtp.class.php 第 247 行.

[ 2016-08-09T14:37:48+08:00 ] 0.0.0.0 /ctbri_demo/Register/Register/login
INFO: [ route_check ] --START--
INFO: Run CheckRoute Behavior [ RunTime:0.023002s ]
INFO: [ route_check ] --END-- [ RunTime:0.023002s ]
INFO: [ app_begin ] --START--
INFO: Run ReadHtmlCache Behavior [ RunTime:0.001000s ]
INFO: [ app_begin ] --END-- [ RunTime:0.001000s ]
NOTIC: [8192] Function ereg() is deprecated D:\zendworkspace\ctbri_demo\Home\Lib\Action\Register\smtp.class.php 第 310 行.
NOTIC: [8192] Function ereg_replace() is deprecated D:\zendworkspace\ctbri_demo\Home\Lib\Action\Register\smtp.class.php 第 318 行.
NOTIC: [8192] Function ereg_replace() is deprecated D:\zendworkspace\ctbri_demo\Home\Lib\Action\Register\smtp.class.php 第 320 行.
NOTIC: [8192] Function ereg_replace() is deprecated D:\zendworkspace\ctbri_demo\Home\Lib\Action\Register\smtp.class.php 第 56 行.
NOTIC: [8] Undefined variable: header D:\zendworkspace\ctbri_demo\Home\Lib\Action\Register\smtp.class.php 第 58 行.
NOTIC: [8192] Function ereg() is deprecated D:\zendworkspace\ctbri_demo\Home\Lib\Action\Register\smtp.class.php 第 310 行.
NOTIC: [8192] Function ereg_replace() is deprecated D:\zendworkspace\ctbri_demo\Home\Lib\Action\Register\smtp.class.php 第 318 行.
NOTIC: [8192] Function ereg_replace() is deprecated D:\zendworkspace\ctbri_demo\Home\Lib\Action\Register\smtp.class.php 第 320 行.
NOTIC: [8192] Function ereg() is deprecated D:\zendworkspace\ctbri_demo\Home\Lib\Action\Register\smtp.class.php 第 247 行.
NOTIC: [8192] Function ereg() is deprecated D:\zendworkspace\ctbri_demo\Home\Lib\Action\Register\smtp.class.php 第 247 行.
NOTIC: [8192] Function ereg() is deprecated D:\zendworkspace\ctbri_demo\Home\Lib\Action\Register\smtp.class.php 第 247 行.
NOTIC: [8192] Function ereg() is deprecated D:\zendworkspace\ctbri_demo\Home\Lib\Action\Register\smtp.class.php 第 247 行.

[ 2016-08-09T14:38:29+08:00 ] 0.0.0.0 /ctbri_demo/Register/Register/login
INFO: [ route_check ] --START--
INFO: Run CheckRoute Behavior [ RunTime:0.001000s ]
INFO: [ route_check ] --END-- [ RunTime:0.001000s ]
INFO: [ app_begin ] --START--
INFO: Run ReadHtmlCache Behavior [ RunTime:0.001000s ]
INFO: [ app_begin ] --END-- [ RunTime:0.001000s ]
NOTIC: [8192] Function ereg() is deprecated D:\zendworkspace\ctbri_demo\Home\Lib\Action\Register\smtp.class.php 第 310 行.
NOTIC: [8192] Function ereg_replace() is deprecated D:\zendworkspace\ctbri_demo\Home\Lib\Action\Register\smtp.class.php 第 318 行.
NOTIC: [8192] Function ereg_replace() is deprecated D:\zendworkspace\ctbri_demo\Home\Lib\Action\Register\smtp.class.php 第 320 行.
NOTIC: [8192] Function ereg_replace() is deprecated D:\zendworkspace\ctbri_demo\Home\Lib\Action\Register\smtp.class.php 第 56 行.
NOTIC: [8] Undefined variable: header D:\zendworkspace\ctbri_demo\Home\Lib\Action\Register\smtp.class.php 第 58 行.
NOTIC: [8192] Function ereg() is deprecated D:\zendworkspace\ctbri_demo\Home\Lib\Action\Register\smtp.class.php 第 310 行.
NOTIC: [8192] Function ereg_replace() is deprecated D:\zendworkspace\ctbri_demo\Home\Lib\Action\Register\smtp.class.php 第 318 行.
NOTIC: [8192] Function ereg_replace() is deprecated D:\zendworkspace\ctbri_demo\Home\Lib\Action\Register\smtp.class.php 第 320 行.
NOTIC: [8192] Function ereg() is deprecated D:\zendworkspace\ctbri_demo\Home\Lib\Action\Register\smtp.class.php 第 247 行.
NOTIC: [8192] Function ereg() is deprecated D:\zendworkspace\ctbri_demo\Home\Lib\Action\Register\smtp.class.php 第 247 行.
NOTIC: [8192] Function ereg() is deprecated D:\zendworkspace\ctbri_demo\Home\Lib\Action\Register\smtp.class.php 第 247 行.
NOTIC: [8192] Function ereg() is deprecated D:\zendworkspace\ctbri_demo\Home\Lib\Action\Register\smtp.class.php 第 247 行.

[ 2016-08-09T14:40:39+08:00 ] 0.0.0.0 /ctbri_demo/Register/Register/login
INFO: [ route_check ] --START--
INFO: Run CheckRoute Behavior [ RunTime:0.001000s ]
INFO: [ route_check ] --END-- [ RunTime:0.001000s ]
INFO: [ app_begin ] --START--
INFO: Run ReadHtmlCache Behavior [ RunTime:0.001000s ]
INFO: [ app_begin ] --END-- [ RunTime:0.001000s ]
NOTIC: [8192] Function ereg() is deprecated D:\zendworkspace\ctbri_demo\Home\Lib\Action\Register\smtp.class.php 第 310 行.
NOTIC: [8192] Function ereg_replace() is deprecated D:\zendworkspace\ctbri_demo\Home\Lib\Action\Register\smtp.class.php 第 318 行.
NOTIC: [8192] Function ereg_replace() is deprecated D:\zendworkspace\ctbri_demo\Home\Lib\Action\Register\smtp.class.php 第 320 行.
NOTIC: [8192] Function ereg_replace() is deprecated D:\zendworkspace\ctbri_demo\Home\Lib\Action\Register\smtp.class.php 第 56 行.
NOTIC: [8] Undefined variable: header D:\zendworkspace\ctbri_demo\Home\Lib\Action\Register\smtp.class.php 第 58 行.
NOTIC: [8192] Function ereg() is deprecated D:\zendworkspace\ctbri_demo\Home\Lib\Action\Register\smtp.class.php 第 310 行.
NOTIC: [8192] Function ereg_replace() is deprecated D:\zendworkspace\ctbri_demo\Home\Lib\Action\Register\smtp.class.php 第 318 行.
NOTIC: [8192] Function ereg_replace() is deprecated D:\zendworkspace\ctbri_demo\Home\Lib\Action\Register\smtp.class.php 第 320 行.
NOTIC: [8192] Function ereg() is deprecated D:\zendworkspace\ctbri_demo\Home\Lib\Action\Register\smtp.class.php 第 247 行.
NOTIC: [8192] Function ereg() is deprecated D:\zendworkspace\ctbri_demo\Home\Lib\Action\Register\smtp.class.php 第 247 行.
NOTIC: [8192] Function ereg() is deprecated D:\zendworkspace\ctbri_demo\Home\Lib\Action\Register\smtp.class.php 第 247 行.
NOTIC: [8192] Function ereg() is deprecated D:\zendworkspace\ctbri_demo\Home\Lib\Action\Register\smtp.class.php 第 247 行.

[ 2016-08-09T14:45:12+08:00 ] 0.0.0.0 /ctbri_demo/Register/Register/login
INFO: [ route_check ] --START--
INFO: Run CheckRoute Behavior [ RunTime:0.002000s ]
INFO: [ route_check ] --END-- [ RunTime:0.002000s ]
INFO: [ app_begin ] --START--
INFO: Run ReadHtmlCache Behavior [ RunTime:0.001001s ]
INFO: [ app_begin ] --END-- [ RunTime:0.001001s ]
NOTIC: [8192] Function ereg() is deprecated D:\zendworkspace\ctbri_demo\Home\Lib\Action\Register\smtp.class.php 第 310 行.
NOTIC: [8192] Function ereg_replace() is deprecated D:\zendworkspace\ctbri_demo\Home\Lib\Action\Register\smtp.class.php 第 318 行.
NOTIC: [8192] Function ereg_replace() is deprecated D:\zendworkspace\ctbri_demo\Home\Lib\Action\Register\smtp.class.php 第 320 行.
NOTIC: [8192] Function ereg_replace() is deprecated D:\zendworkspace\ctbri_demo\Home\Lib\Action\Register\smtp.class.php 第 56 行.
NOTIC: [8] Undefined variable: header D:\zendworkspace\ctbri_demo\Home\Lib\Action\Register\smtp.class.php 第 58 行.
NOTIC: [8192] Function ereg() is deprecated D:\zendworkspace\ctbri_demo\Home\Lib\Action\Register\smtp.class.php 第 310 行.
NOTIC: [8192] Function ereg_replace() is deprecated D:\zendworkspace\ctbri_demo\Home\Lib\Action\Register\smtp.class.php 第 318 行.
NOTIC: [8192] Function ereg_replace() is deprecated D:\zendworkspace\ctbri_demo\Home\Lib\Action\Register\smtp.class.php 第 320 行.
NOTIC: [8192] Function ereg() is deprecated D:\zendworkspace\ctbri_demo\Home\Lib\Action\Register\smtp.class.php 第 247 行.
NOTIC: [8192] Function ereg() is deprecated D:\zendworkspace\ctbri_demo\Home\Lib\Action\Register\smtp.class.php 第 247 行.
NOTIC: [8192] Function ereg() is deprecated D:\zendworkspace\ctbri_demo\Home\Lib\Action\Register\smtp.class.php 第 247 行.
NOTIC: [8192] Function ereg() is deprecated D:\zendworkspace\ctbri_demo\Home\Lib\Action\Register\smtp.class.php 第 247 行.

[ 2016-08-09T15:00:03+08:00 ] 0.0.0.0 /ctbri_demo/Register/Register/login
INFO: [ route_check ] --START--
INFO: Run CheckRoute Behavior [ RunTime:0.001000s ]
INFO: [ route_check ] --END-- [ RunTime:0.001000s ]
INFO: [ app_begin ] --START--
INFO: Run ReadHtmlCache Behavior [ RunTime:0.001000s ]
INFO: [ app_begin ] --END-- [ RunTime:0.001000s ]
NOTIC: [8192] Function ereg() is deprecated D:\zendworkspace\ctbri_demo\Home\Lib\Action\Register\smtp.class.php 第 310 行.
NOTIC: [8192] Function ereg_replace() is deprecated D:\zendworkspace\ctbri_demo\Home\Lib\Action\Register\smtp.class.php 第 318 行.
NOTIC: [8192] Function ereg_replace() is deprecated D:\zendworkspace\ctbri_demo\Home\Lib\Action\Register\smtp.class.php 第 320 行.
NOTIC: [8192] Function ereg_replace() is deprecated D:\zendworkspace\ctbri_demo\Home\Lib\Action\Register\smtp.class.php 第 56 行.
NOTIC: [8] Undefined variable: header D:\zendworkspace\ctbri_demo\Home\Lib\Action\Register\smtp.class.php 第 58 行.
NOTIC: [8192] Function ereg() is deprecated D:\zendworkspace\ctbri_demo\Home\Lib\Action\Register\smtp.class.php 第 310 行.
NOTIC: [8192] Function ereg_replace() is deprecated D:\zendworkspace\ctbri_demo\Home\Lib\Action\Register\smtp.class.php 第 318 行.
NOTIC: [8192] Function ereg_replace() is deprecated D:\zendworkspace\ctbri_demo\Home\Lib\Action\Register\smtp.class.php 第 320 行.
NOTIC: [8192] Function ereg() is deprecated D:\zendworkspace\ctbri_demo\Home\Lib\Action\Register\smtp.class.php 第 247 行.
NOTIC: [8192] Function ereg() is deprecated D:\zendworkspace\ctbri_demo\Home\Lib\Action\Register\smtp.class.php 第 247 行.
NOTIC: [8192] Function ereg() is deprecated D:\zendworkspace\ctbri_demo\Home\Lib\Action\Register\smtp.class.php 第 247 行.
NOTIC: [8192] Function ereg() is deprecated D:\zendworkspace\ctbri_demo\Home\Lib\Action\Register\smtp.class.php 第 247 行.

[ 2016-08-09T15:11:16+08:00 ] 0.0.0.0 /ctbri_demo/Register/Register/login
INFO: [ route_check ] --START--
INFO: Run CheckRoute Behavior [ RunTime:0.001000s ]
INFO: [ route_check ] --END-- [ RunTime:0.001000s ]
INFO: [ app_begin ] --START--
INFO: Run ReadHtmlCache Behavior [ RunTime:0.001000s ]
INFO: [ app_begin ] --END-- [ RunTime:0.001000s ]
NOTIC: [8192] Function ereg() is deprecated D:\zendworkspace\ctbri_demo\Home\Lib\Action\Register\smtp.class.php 第 310 行.
NOTIC: [8192] Function ereg_replace() is deprecated D:\zendworkspace\ctbri_demo\Home\Lib\Action\Register\smtp.class.php 第 318 行.
NOTIC: [8192] Function ereg_replace() is deprecated D:\zendworkspace\ctbri_demo\Home\Lib\Action\Register\smtp.class.php 第 320 行.
NOTIC: [8192] Function ereg_replace() is deprecated D:\zendworkspace\ctbri_demo\Home\Lib\Action\Register\smtp.class.php 第 56 行.
NOTIC: [8] Undefined variable: header D:\zendworkspace\ctbri_demo\Home\Lib\Action\Register\smtp.class.php 第 58 行.
NOTIC: [8192] Function ereg() is deprecated D:\zendworkspace\ctbri_demo\Home\Lib\Action\Register\smtp.class.php 第 310 行.
NOTIC: [8192] Function ereg_replace() is deprecated D:\zendworkspace\ctbri_demo\Home\Lib\Action\Register\smtp.class.php 第 318 行.
NOTIC: [8192] Function ereg_replace() is deprecated D:\zendworkspace\ctbri_demo\Home\Lib\Action\Register\smtp.class.php 第 320 行.
NOTIC: [8192] Function ereg() is deprecated D:\zendworkspace\ctbri_demo\Home\Lib\Action\Register\smtp.class.php 第 247 行.
NOTIC: [8192] Function ereg() is deprecated D:\zendworkspace\ctbri_demo\Home\Lib\Action\Register\smtp.class.php 第 247 行.
NOTIC: [8192] Function ereg() is deprecated D:\zendworkspace\ctbri_demo\Home\Lib\Action\Register\smtp.class.php 第 247 行.
NOTIC: [8192] Function ereg() is deprecated D:\zendworkspace\ctbri_demo\Home\Lib\Action\Register\smtp.class.php 第 247 行.

[ 2016-08-09T15:13:30+08:00 ] 0.0.0.0 /ctbri_demo/Register/Register/login
INFO: [ route_check ] --START--
INFO: Run CheckRoute Behavior [ RunTime:0.001000s ]
INFO: [ route_check ] --END-- [ RunTime:0.001000s ]
INFO: [ app_begin ] --START--
INFO: Run ReadHtmlCache Behavior [ RunTime:0.001000s ]
INFO: [ app_begin ] --END-- [ RunTime:0.001000s ]
NOTIC: [8192] Function ereg() is deprecated D:\zendworkspace\ctbri_demo\Home\Lib\Action\Register\smtp.class.php 第 310 行.
NOTIC: [8192] Function ereg_replace() is deprecated D:\zendworkspace\ctbri_demo\Home\Lib\Action\Register\smtp.class.php 第 318 行.
NOTIC: [8192] Function ereg_replace() is deprecated D:\zendworkspace\ctbri_demo\Home\Lib\Action\Register\smtp.class.php 第 320 行.
NOTIC: [8192] Function ereg_replace() is deprecated D:\zendworkspace\ctbri_demo\Home\Lib\Action\Register\smtp.class.php 第 56 行.
NOTIC: [8] Undefined variable: header D:\zendworkspace\ctbri_demo\Home\Lib\Action\Register\smtp.class.php 第 58 行.
NOTIC: [8192] Function ereg() is deprecated D:\zendworkspace\ctbri_demo\Home\Lib\Action\Register\smtp.class.php 第 310 行.
NOTIC: [8192] Function ereg_replace() is deprecated D:\zendworkspace\ctbri_demo\Home\Lib\Action\Register\smtp.class.php 第 318 行.
NOTIC: [8192] Function ereg_replace() is deprecated D:\zendworkspace\ctbri_demo\Home\Lib\Action\Register\smtp.class.php 第 320 行.
NOTIC: [8192] Function ereg() is deprecated D:\zendworkspace\ctbri_demo\Home\Lib\Action\Register\smtp.class.php 第 247 行.
NOTIC: [8192] Function ereg() is deprecated D:\zendworkspace\ctbri_demo\Home\Lib\Action\Register\smtp.class.php 第 247 行.
NOTIC: [8192] Function ereg() is deprecated D:\zendworkspace\ctbri_demo\Home\Lib\Action\Register\smtp.class.php 第 247 行.
NOTIC: [8192] Function ereg() is deprecated D:\zendworkspace\ctbri_demo\Home\Lib\Action\Register\smtp.class.php 第 247 行.

[ 2016-08-09T15:18:23+08:00 ] 0.0.0.0 /ctbri_demo/Register/Register/login
INFO: [ route_check ] --START--
INFO: Run CheckRoute Behavior [ RunTime:0.001000s ]
INFO: [ route_check ] --END-- [ RunTime:0.001000s ]
INFO: [ app_begin ] --START--
INFO: Run ReadHtmlCache Behavior [ RunTime:0.001000s ]
INFO: [ app_begin ] --END-- [ RunTime:0.001000s ]
NOTIC: [8192] Function ereg() is deprecated D:\zendworkspace\ctbri_demo\Home\Lib\Action\Register\smtp.class.php 第 310 行.
NOTIC: [8192] Function ereg_replace() is deprecated D:\zendworkspace\ctbri_demo\Home\Lib\Action\Register\smtp.class.php 第 318 行.
NOTIC: [8192] Function ereg_replace() is deprecated D:\zendworkspace\ctbri_demo\Home\Lib\Action\Register\smtp.class.php 第 320 行.
NOTIC: [8192] Function ereg_replace() is deprecated D:\zendworkspace\ctbri_demo\Home\Lib\Action\Register\smtp.class.php 第 56 行.
NOTIC: [8] Undefined variable: header D:\zendworkspace\ctbri_demo\Home\Lib\Action\Register\smtp.class.php 第 58 行.
NOTIC: [8192] Function ereg() is deprecated D:\zendworkspace\ctbri_demo\Home\Lib\Action\Register\smtp.class.php 第 310 行.
NOTIC: [8192] Function ereg_replace() is deprecated D:\zendworkspace\ctbri_demo\Home\Lib\Action\Register\smtp.class.php 第 318 行.
NOTIC: [8192] Function ereg_replace() is deprecated D:\zendworkspace\ctbri_demo\Home\Lib\Action\Register\smtp.class.php 第 320 行.
NOTIC: [8192] Function ereg() is deprecated D:\zendworkspace\ctbri_demo\Home\Lib\Action\Register\smtp.class.php 第 247 行.
NOTIC: [8192] Function ereg() is deprecated D:\zendworkspace\ctbri_demo\Home\Lib\Action\Register\smtp.class.php 第 247 行.
NOTIC: [8192] Function ereg() is deprecated D:\zendworkspace\ctbri_demo\Home\Lib\Action\Register\smtp.class.php 第 247 行.
NOTIC: [8192] Function ereg() is deprecated D:\zendworkspace\ctbri_demo\Home\Lib\Action\Register\smtp.class.php 第 247 行.

[ 2016-08-09T15:25:27+08:00 ] 0.0.0.0 /ctbri_demo/Register/Register/login
INFO: [ route_check ] --START--
INFO: Run CheckRoute Behavior [ RunTime:0.001000s ]
INFO: [ route_check ] --END-- [ RunTime:0.001000s ]
INFO: [ app_begin ] --START--
INFO: Run ReadHtmlCache Behavior [ RunTime:0.001000s ]
INFO: [ app_begin ] --END-- [ RunTime:0.001000s ]
NOTIC: [8192] Function ereg() is deprecated D:\zendworkspace\ctbri_demo\Home\Lib\Action\Register\smtp.class.php 第 310 行.
NOTIC: [8192] Function ereg_replace() is deprecated D:\zendworkspace\ctbri_demo\Home\Lib\Action\Register\smtp.class.php 第 318 行.
NOTIC: [8192] Function ereg_replace() is deprecated D:\zendworkspace\ctbri_demo\Home\Lib\Action\Register\smtp.class.php 第 320 行.
NOTIC: [8192] Function ereg_replace() is deprecated D:\zendworkspace\ctbri_demo\Home\Lib\Action\Register\smtp.class.php 第 56 行.
NOTIC: [8] Undefined variable: header D:\zendworkspace\ctbri_demo\Home\Lib\Action\Register\smtp.class.php 第 58 行.
NOTIC: [8192] Function ereg() is deprecated D:\zendworkspace\ctbri_demo\Home\Lib\Action\Register\smtp.class.php 第 310 行.
NOTIC: [8192] Function ereg_replace() is deprecated D:\zendworkspace\ctbri_demo\Home\Lib\Action\Register\smtp.class.php 第 318 行.
NOTIC: [8192] Function ereg_replace() is deprecated D:\zendworkspace\ctbri_demo\Home\Lib\Action\Register\smtp.class.php 第 320 行.
NOTIC: [8192] Function ereg() is deprecated D:\zendworkspace\ctbri_demo\Home\Lib\Action\Register\smtp.class.php 第 247 行.
NOTIC: [8192] Function ereg() is deprecated D:\zendworkspace\ctbri_demo\Home\Lib\Action\Register\smtp.class.php 第 247 行.
NOTIC: [8192] Function ereg() is deprecated D:\zendworkspace\ctbri_demo\Home\Lib\Action\Register\smtp.class.php 第 247 行.
NOTIC: [8192] Function ereg() is deprecated D:\zendworkspace\ctbri_demo\Home\Lib\Action\Register\smtp.class.php 第 247 行.

